0 info it worked if it ends with ok
1 verbose cli [ 'node', '/usr/local/bin/npm', 'pub' ]
2 info using npm@2.1.11
3 info using node@v0.10.33
4 verbose node symlink /usr/local/bin/node
5 verbose publish [ '.' ]
6 silly cache add args [ '.', null ]
7 verbose cache add spec .
8 silly cache add parsed spec { raw: '.',
8 silly cache add   scope: null,
8 silly cache add   name: null,
8 silly cache add   rawSpec: '.',
8 silly cache add   spec: '/Users/ecto/code/personal/earth',
8 silly cache add   type: 'directory' }
9 verbose tar pack [ '/Users/ecto/.npm/earth/0.0.4/package.tgz',
9 verbose tar pack   '/Users/ecto/code/personal/earth' ]
10 verbose tarball /Users/ecto/.npm/earth/0.0.4/package.tgz
11 verbose folder /Users/ecto/code/personal/earth
12 info prepublish earth@0.0.4
13 verbose addLocalTarball adding from inside cache /Users/ecto/.npm/earth/0.0.4/package.tgz
14 silly cache afterAdd earth@0.0.4
15 verbose afterAdd /Users/ecto/.npm/earth/0.0.4/package/package.json not in flight; writing
16 verbose afterAdd /Users/ecto/.npm/earth/0.0.4/package/package.json written
17 silly publish { author:
17 silly publish    { name: 'Cam Pedersen',
17 silly publish      email: 'diffference@gmail.com',
17 silly publish      url: 'htttp://campedersen.com/' },
17 silly publish   name: 'earth',
17 silly publish   description: 'An animation of Earth',
17 silly publish   version: '0.0.4',
17 silly publish   repository: { type: 'git', url: 'git://github.com/ecto/earth.git' },
17 silly publish   main: 'earth.js',
17 silly publish   engines: { node: '*' },
17 silly publish   bin: { earth: 'earth.js' },
17 silly publish   dependencies: { colors: '*' },
17 silly publish   devDependencies: {},
17 silly publish   readme: '# earth\n\na nice animation of the earth for when you get tired of writing javascripts\n\n![earth](http://i.imgur.com/cdziF.png)\n\n# install\n\n    npm install -g earth\n\n# usage\n\n    earth\n\n# license\n\n\n(The MIT License)\n\nCopyright (c) 2011 Cam Pedersen <cam@onswipe.com>\n\nPermission is hereby granted, free of charge, to any person obtaining a copy of this software and associated documentation files (the \'Software\'), to deal in the Software without restriction, including without limitation the rights to use, copy, modify, merge, publish, distribute, sublicense, and/or sell copies of the Software, and to permit persons to whom the Software is furnished to do so, subject to the following conditions:\n\nThe above copyright notice and this permission notice shall be included in all copies or substantial portions of the Software.\n\nTHE SOFTWARE IS PROVIDED \'AS IS\', WITHOUT WARRANTY OF ANY KIND, EXPRESS OR IMPLIED, INCLUDING BUT NOT LIMITED TO THE WARRANTIES OF MERCHANTABILITY, FITNESS FOR A PARTICULAR PURPOSE AND NONINFRINGEMENT. IN NO EVENT SHALL THE AUTHORS OR COPYRIGHT HOLDERS BE LIABLE FOR ANY CLAIM, DAMAGES OR OTHER LIABILITY, WHETHER IN AN ACTION OF CONTRACT, TORT OR OTHERWISE, ARISING FROM, OUT OF OR IN CONNECTION WITH THE SOFTWARE OR THE USE OR OTHER DEALINGS IN THE SOFTWARE.\n\n',
17 silly publish   readmeFilename: 'README.md',
17 silly publish   gitHead: '3d2e437dfd4b8eb31901324e3d3f6efd6ab371e7',
17 silly publish   bugs: { url: 'https://github.com/ecto/earth/issues' },
17 silly publish   homepage: 'https://github.com/ecto/earth',
17 silly publish   _id: 'earth@0.0.4',
17 silly publish   scripts: {},
17 silly publish   _shasum: 'b6e3832f2160b2795ebbf21da038d6073cd198af',
17 silly publish   _from: '.' }
18 silly mapToRegistry name earth
19 silly mapToRegistry using default registry
20 silly mapToRegistry registry https://registry.npmjs.org/
21 silly mapToRegistry uri https://registry.npmjs.org/earth
22 verbose publish registryBase https://registry.npmjs.org/
23 silly publish uploading /Users/ecto/.npm/earth/0.0.4/package.tgz
24 verbose request uri https://registry.npmjs.org/earth
25 verbose request sending authorization for write operation
26 info attempt registry request try #1 at 09:02:57
27 verbose request id 3648b6fd76880da0
28 http request PUT https://registry.npmjs.org/earth
29 http 403 https://registry.npmjs.org/earth
30 verbose headers { date: 'Tue, 23 Dec 2014 15:02:57 GMT',
30 verbose headers   server: 'CouchDB/1.5.0 (Erlang OTP/R16B03)',
30 verbose headers   'content-type': 'application/json',
30 verbose headers   'cache-control': 'max-age=60',
30 verbose headers   'content-length': '3528',
30 verbose headers   'accept-ranges': 'bytes',
30 verbose headers   via: '1.1 varnish',
30 verbose headers   'x-served-by': 'cache-jfk1030-JFK',
30 verbose headers   'x-cache': 'MISS',
30 verbose headers   'x-cache-hits': '0',
30 verbose headers   'x-timer': 'S1419346977.667905,VS0,VE163',
30 verbose headers   'keep-alive': 'timeout=10, max=50',
30 verbose headers   connection: 'Keep-Alive' }
31 verbose request invalidating /Users/ecto/.npm/registry.npmjs.org/earth on PUT
32 error publish Failed PUT 403
33 verbose stack Error: forbidden cannot modify pre-existing version: 0.0.4
33 verbose stack old={"author":{"name":"Cam Pedersen","email":"diffference@gmail.com","url":"htttp://campedersen.com/"},"name":"earth","description":"An animation of Earth","version":"0.0.4","repository":{"type":"git","url":"git://github.com/ecto/earth.git"},"main":"earth.js","engines":{"node":"*"},"bin":{"earth":"earth.js"},"dependencies":{"colors":"*"},"devDependencies":{},"_npmJsonOpts":{"file":"/Users/ecto/.npm/earth/0.0.4/package/package.json","wscript":false,"contributors":false,"serverjs":false},"_id":"earth@0.0.4","_engineSupported":true,"_npmVersion":"1.0.18","_nodeVersion":"v0.4.11-pre","_defaultsLoaded":true,"dist":{"shasum":"0d23e2fbfbd4740b6ad773e41f87f52e7f9b0709","tarball":"http://registry.npmjs.org/earth/-/earth-0.0.4.tgz"},"scripts":{},"maintainers":[{"name":"ecto","email":"diffference@gmail.com"}]}
33 verbose stack new={"author":{"name":"Cam Pedersen","email":"diffference@gmail.com","url":"htttp://campedersen.com/"},"name":"earth","description":"An animation of Earth","version":"0.0.4","repository":{"type":"git","url":"git://github.com/ecto/earth.git"},"main":"earth.js","engines":{"node":"*"},"bin":{"earth":"earth.js"},"dependencies":{"colors":"*"},"devDependencies":{},"readme":"# earth\u000a\u000aa nice animation of the earth for when you get tired of writing javascripts\u000a\u000a![earth](http://i.imgur.com/cdziF.png)\u000a\u000a# install\u000a\u000a    npm install -g earth\u000a\u000a# usage\u000a\u000a    earth\u000a\u000a# license\u000a\u000a\u000a(The MIT License)\u000a\u000aCopyright (c) 2011 Cam Pedersen <cam@onswipe.com>\u000a\u000aPermission is hereby granted, free of charge, to any person obtaining a copy of this software and associated documentation files (the 'Software'), to deal in the Software without restriction, including without limitation the rights to use, copy, modify, merge, publish, distribute, sublicense, and/or sell copies of the Software, and to permit persons to whom the Software is furnished to do so, subject to the following conditions:\u000a\u000aThe above copyright notice and this permission notice shall be included in all copies or substantial portions of the Software.\u000a\u000aTHE SOFTWARE IS PROVIDED 'AS IS', WITHOUT WARRANTY OF ANY KIND, EXPRESS OR IMPLIED, INCLUDING BUT NOT LIMITED TO THE WARRANTIES OF MERCHANTABILITY, FITNESS FOR A PARTICULAR PURPOSE AND NONINFRINGEMENT. IN NO EVENT SHALL THE AUTHORS OR COPYRIGHT HOLDERS BE LIABLE FOR ANY CLAIM, DAMAGES OR OTHER LIABILITY, WHETHER IN AN ACTION OF CONTRACT, TORT OR OTHERWISE, ARISING FROM, OUT OF OR IN CONNECTION WITH THE SOFTWARE OR THE USE OR OTHER DEALINGS IN THE SOFTWARE.\u000a\u000a","readmeFilename":"README.md","gitHead":"3d2e437dfd4b8eb31901324e3d3f6efd6ab371e7","bugs":{"url":"https://github.com/ecto/earth/issues"},"homepage":"https://github.com/ecto/earth","_id":"earth@0.0.4","scripts":{},"_shasum":"b6e3832f2160b2795ebbf21da038d6073cd198af","_from":".","_npmVersion":"2.1.11","_nodeVersion":"0.10.33","_npmUser":{"name":"ecto","email":"diffference@gmail.com"},"maintainers":[{"name":"ecto","email":"diffference@gmail.com"}],"dist":{"shasum":"b6e3832f2160b2795ebbf21da038d6073cd198af","tarball":"http://registry.npmjs.org/earth/-/earth-0.0.4.tgz"}}: earth
33 verbose stack     at CachingRegistryClient.<anonymous> (/usr/local/lib/node_modules/npm/node_modules/npm-registry-client/lib/request.js:242:14)
33 verbose stack     at Request._callback (/usr/local/lib/node_modules/npm/node_modules/npm-registry-client/lib/request.js:172:14)
33 verbose stack     at Request.self.callback (/usr/local/lib/node_modules/npm/node_modules/request/request.js:372:22)
33 verbose stack     at Request.emit (events.js:98:17)
33 verbose stack     at Request.<anonymous> (/usr/local/lib/node_modules/npm/node_modules/request/request.js:1317:14)
33 verbose stack     at Request.emit (events.js:117:20)
33 verbose stack     at IncomingMessage.<anonymous> (/usr/local/lib/node_modules/npm/node_modules/request/request.js:1265:12)
33 verbose stack     at IncomingMessage.emit (events.js:117:20)
33 verbose stack     at _stream_readable.js:943:16
33 verbose stack     at process._tickCallback (node.js:419:13)
34 verbose statusCode 403
35 verbose pkgid earth
36 verbose cwd /Users/ecto/code/personal/earth
37 error Darwin 14.1.0
38 error argv "node" "/usr/local/bin/npm" "pub"
39 error node v0.10.33
40 error npm  v2.1.11
41 error code E403
42 error forbidden cannot modify pre-existing version: 0.0.4
42 error old={"author":{"name":"Cam Pedersen","email":"diffference@gmail.com","url":"htttp://campedersen.com/"},"name":"earth","description":"An animation of Earth","version":"0.0.4","repository":{"type":"git","url":"git://github.com/ecto/earth.git"},"main":"earth.js","engines":{"node":"*"},"bin":{"earth":"earth.js"},"dependencies":{"colors":"*"},"devDependencies":{},"_npmJsonOpts":{"file":"/Users/ecto/.npm/earth/0.0.4/package/package.json","wscript":false,"contributors":false,"serverjs":false},"_id":"earth@0.0.4","_engineSupported":true,"_npmVersion":"1.0.18","_nodeVersion":"v0.4.11-pre","_defaultsLoaded":true,"dist":{"shasum":"0d23e2fbfbd4740b6ad773e41f87f52e7f9b0709","tarball":"http://registry.npmjs.org/earth/-/earth-0.0.4.tgz"},"scripts":{},"maintainers":[{"name":"ecto","email":"diffference@gmail.com"}]}
42 error new={"author":{"name":"Cam Pedersen","email":"diffference@gmail.com","url":"htttp://campedersen.com/"},"name":"earth","description":"An animation of Earth","version":"0.0.4","repository":{"type":"git","url":"git://github.com/ecto/earth.git"},"main":"earth.js","engines":{"node":"*"},"bin":{"earth":"earth.js"},"dependencies":{"colors":"*"},"devDependencies":{},"readme":"# earth\u000a\u000aa nice animation of the earth for when you get tired of writing javascripts\u000a\u000a![earth](http://i.imgur.com/cdziF.png)\u000a\u000a# install\u000a\u000a    npm install -g earth\u000a\u000a# usage\u000a\u000a    earth\u000a\u000a# license\u000a\u000a\u000a(The MIT License)\u000a\u000aCopyright (c) 2011 Cam Pedersen <cam@onswipe.com>\u000a\u000aPermission is hereby granted, free of charge, to any person obtaining a copy of this software and associated documentation files (the 'Software'), to deal in the Software without restriction, including without limitation the rights to use, copy, modify, merge, publish, distribute, sublicense, and/or sell copies of the Software, and to permit persons to whom the Software is furnished to do so, subject to the following conditions:\u000a\u000aThe above copyright notice and this permission notice shall be included in all copies or substantial portions of the Software.\u000a\u000aTHE SOFTWARE IS PROVIDED 'AS IS', WITHOUT WARRANTY OF ANY KIND, EXPRESS OR IMPLIED, INCLUDING BUT NOT LIMITED TO THE WARRANTIES OF MERCHANTABILITY, FITNESS FOR A PARTICULAR PURPOSE AND NONINFRINGEMENT. IN NO EVENT SHALL THE AUTHORS OR COPYRIGHT HOLDERS BE LIABLE FOR ANY CLAIM, DAMAGES OR OTHER LIABILITY, WHETHER IN AN ACTION OF CONTRACT, TORT OR OTHERWISE, ARISING FROM, OUT OF OR IN CONNECTION WITH THE SOFTWARE OR THE USE OR OTHER DEALINGS IN THE SOFTWARE.\u000a\u000a","readmeFilename":"README.md","gitHead":"3d2e437dfd4b8eb31901324e3d3f6efd6ab371e7","bugs":{"url":"https://github.com/ecto/earth/issues"},"homepage":"https://github.com/ecto/earth","_id":"earth@0.0.4","scripts":{},"_shasum":"b6e3832f2160b2795ebbf21da038d6073cd198af","_from":".","_npmVersion":"2.1.11","_nodeVersion":"0.10.33","_npmUser":{"name":"ecto","email":"diffference@gmail.com"},"maintainers":[{"name":"ecto","email":"diffference@gmail.com"}],"dist":{"shasum":"b6e3832f2160b2795ebbf21da038d6073cd198af","tarball":"http://registry.npmjs.org/earth/-/earth-0.0.4.tgz"}}: earth
43 error If you need help, you may report this error at:
43 error     <http://github.com/npm/npm/issues>
44 verbose exit [ 1, true ]
